Log file open, 12/08/17 14:28:32
LogInit:Display: Running engine for game: MyProject
LogPlatformFile: Not using cached read wrapper
LogInit:Display: RandInit(1270396536) SRandInit(1270396536).
LogTaskGraph: Started task graph with 5 named threads and 8 total threads with 1 sets of task threads.
LogStats: Stats thread started at 0.080867
LogInit: Using libcurl 7.47.1
LogInit:  - built for x86_64-pc-win32
LogInit:  - supports SSL with OpenSSL/1.0.2g
LogInit:  - supports HTTP deflate (compression) using libz 1.2.8
LogInit:  - other features:
LogInit:      CURL_VERSION_SSL
LogInit:      CURL_VERSION_LIBZ
LogInit:      CURL_VERSION_IPV6
LogInit:      CURL_VERSION_ASYNCHDNS
LogInit:      CURL_VERSION_LARGEFILE
LogInit:      CURL_VERSION_IDN
LogInit:  CurlRequestOptions (configurable via config and command line):
LogInit:  - bVerifyPeer = false  - Libcurl will NOT verify peer certificate
LogInit:  - bUseHttpProxy = false  - Libcurl will NOT use HTTP proxy
LogInit:  - bDontReuseConnections = false  - Libcurl will reuse connections
LogInit:  - CertBundlePath = nullptr  - Libcurl will use whatever was configured at build time.
LogInit: Build: ++UE4+Release-4.16-CL-3561208
LogInit: Engine Version: 4.16.3-3561208+++UE4+Release-4.16
LogInit: Compatible Engine Version: 4.16.0-3452394+++UE4+Release-4.16
LogInit: Net CL: 3452394
LogDevObjectVersion: Number of dev versions registered: 16
LogDevObjectVersion:   Dev-Blueprints (B0D832E4-1F89-4F0D-ACCF-7EB736FD4AA2): 9
LogDevObjectVersion:   Dev-Build (E1C64328-A22C-4D53-A36C-8E866417BD8C): 0
LogDevObjectVersion:   Dev-Core (375EC13C-06E4-48FB-B500-84F0262A717E): 2
LogDevObjectVersion:   Dev-Editor (E4B068ED-F494-42E9-A231-DA0B2E46BB41): 17
LogDevObjectVersion:   Dev-Framework (CFFC743F-43B0-4480-9391-14DF171D2073): 23
LogDevObjectVersion:   Dev-Mobile (B02B49B5-BB20-44E9-A304-32B752E40360): 0
LogDevObjectVersion:   Dev-Networking (A4E4105C-59A1-49B5-A7C5-40C4547EDFEE): 0
LogDevObjectVersion:   Dev-Online (39C831C9-5AE6-47DC-9A44-9C173E1C8E7C): 0
LogDevObjectVersion:   Dev-Physics (78F01B33-EBEA-4F98-B9B4-84EACCB95AA2): 0
LogDevObjectVersion:   Dev-Platform (6631380F-2D4D-43E0-8009-CF276956A95A): 0
LogDevObjectVersion:   Dev-Rendering (12F88B9F-8875-4AFC-A67C-D90C383ABD29): 15
LogDevObjectVersion:   Dev-Sequencer (7B5AE74C-D270-4C10-A958-57980B212A5A): 4
LogDevObjectVersion:   Dev-VR (D7296918-1DD6-4BDD-9DE2-64A83CC13884): 0
LogDevObjectVersion:   Dev-LoadTimes (C2A15278-BFE7-4AFE-6C17-90FF531DF755): 1
LogDevObjectVersion:   Private-Geometry (6EACA3D4-40EC-4CC1-B786-8BED09428FC5): 1
LogDevObjectVersion:   Dev-AnimPhys (29E575DD-E0A3-4627-9D10-D276232CDCEA): 3
LogInit: Compiled (64-bit): Jul 28 2017 11:49:47
LogInit: Compiled with Visual C++: 19.00.24215.01
LogInit: Build Configuration: Development
LogInit: Branch Name: ++UE4+Release-4.16
LogInit: Command line:  
LogInit: Base directory: C:/Program Files/Epic Games/UE_4.16/Engine/Binaries/Win64/
LogInit: Installed Engine Build: 1
LogInit: Presizing for max 8388607 objects, including 0 objects not considered by GC, pre-allocating 0 bytes for permanent pool.
LogInit: Object subsystem initialized
[2017.12.08-13.28.33:232][  0]LogInit: Selected Device Profile: [Windows]
[2017.12.08-13.28.33:232][  0]LogInit: Applying CVar settings loaded from the selected device profile: [Windows]
[2017.12.08-13.28.33:307][  0]LogInit: Computer: CHRISTOPH-PC
[2017.12.08-13.28.33:307][  0]LogInit: User: Christoph
[2017.12.08-13.28.33:307][  0]LogInit: CPU Page size=4096, Cores=4
[2017.12.08-13.28.33:307][  0]LogInit: High frequency timer resolution =3.421874 MHz
[2017.12.08-13.28.33:307][  0]LogMemory: Memory total: Physical=16.0GB (16GB approx)
[2017.12.08-13.28.33:307][  0]LogMemory: Platform Memory Stats for Windows
[2017.12.08-13.28.33:308][  0]LogMemory: Process Physical Memory: 273.47 MB used, 273.47 MB peak
[2017.12.08-13.28.33:308][  0]LogMemory: Process Virtual Memory: 266.62 MB used, 266.62 MB peak
[2017.12.08-13.28.33:308][  0]LogMemory: Physical Memory: 7518.11 MB used,  8829.54 MB free, 16347.64 MB total
[2017.12.08-13.28.33:308][  0]LogMemory: Virtual Memory: 677.07 MB used,  8829.54 MB free, 134217728.00 MB total
[2017.12.08-13.28.33:472][  0]LogInit: Using OS detected language (de-DE).
[2017.12.08-13.28.33:472][  0]LogInit: Using OS detected locale (de-DE).
[2017.12.08-13.28.33:728][  0]LogTextLocalizationManager: No localization for 'de-DE' exists, so 'en' will be used for the language.
[2017.12.08-13.28.33:728][  0]LogTextLocalizationManager: No localization for 'de-DE' exists, so 'en' will be used for the locale.
[2017.12.08-13.28.36:743][  0]LogD3D11RHI: D3D11 adapters:
[2017.12.08-13.28.36:771][  0]LogD3D11RHI:    0. 'NVIDIA GeForce GTX 1080' (Feature Level 11_0)
[2017.12.08-13.28.36:771][  0]LogD3D11RHI:       8086/0/8173 MB DedicatedVideo/DedicatedSystem/SharedSystem, Outputs:1, VendorId:0x10de
[2017.12.08-13.28.36:772][  0]LogD3D11RHI:    1. 'Microsoft Basic Render Driver' (Feature Level 11_0)
[2017.12.08-13.28.36:772][  0]LogD3D11RHI:       0/0/8173 MB DedicatedVideo/DedicatedSystem/SharedSystem, Outputs:0, VendorId:0x1414
[2017.12.08-13.28.36:772][  0]LogD3D11RHI: Chosen D3D11 Adapter: 0
[2017.12.08-13.28.36:779][  0]LogD3D11RHI: Creating new Direct3DDevice
[2017.12.08-13.28.36:779][  0]LogD3D11RHI:     GPU DeviceId: 0x1b80 (for the marketing name, search the web for "GPU Device Id")
[2017.12.08-13.28.36:779][  0]LogWindows: EnumDisplayDevices:
[2017.12.08-13.28.36:779][  0]LogWindows:    0. 'NVIDIA GeForce GTX 1080' (P:1 D:1)
[2017.12.08-13.28.36:779][  0]LogWindows:    1. 'NVIDIA GeForce GTX 1080' (P:0 D:0)
[2017.12.08-13.28.36:779][  0]LogWindows:    2. 'NVIDIA GeForce GTX 1080' (P:0 D:0)
[2017.12.08-13.28.36:779][  0]LogWindows:    3. 'NVIDIA GeForce GTX 1080' (P:0 D:0)
[2017.12.08-13.28.36:779][  0]LogWindows: DebugString: GetVideoDriverDetailsInvalid PrimaryIsNotTheChoosenAdapter GetVideoDriverDetailsInvalid PrimaryIsNotTheChoosenAdapter GetVideoDriverDetailsInvalid PrimaryIsNotTheChoosenAdapter GetVideoDriverDetailsInvalid PrimaryIsNotTheChoosenAdapter FoundDriverCount:0 
[2017.12.08-13.28.36:779][  0]LogD3D11RHI:     Adapter Name: NVIDIA GeForce GTX 1080
[2017.12.08-13.28.36:779][  0]LogD3D11RHI:   Driver Version: Unknown (internal:Unknown, unified:Unknown)
[2017.12.08-13.28.36:779][  0]LogD3D11RHI:      Driver Date: Unknown
[2017.12.08-13.28.36:779][  0]LogRHI: Texture pool is 1361 MB (70% of 1945 MB)
[2017.12.08-13.28.36:794][  0]LogD3D11RHI: Async texture creation enabled
[2017.12.08-13.28.36:803][  0]LogD3D11RHI: GPU Timing Frequency: 1000.000000 (Debug: 2 1)
[2017.12.08-13.28.36:805][  0]LogShaderCompilers: Guid format shader working directory is -21 characters bigger than the processId version (../../../../../../Users/Christoph/Documents/Unreal Projects/JailEscape/Intermediate/Shaders/WorkingDirectory/50472/).
[2017.12.08-13.28.36:805][  0]LogShaderCompilers: Cleaned the shader compiler working directory 'C:/Users/Christoph/AppData/Local/Temp/UnrealShaderWorkingDir/844903FA4E51532EDD52ACA434E8FF96/'.
[2017.12.08-13.28.36:805][  0]LogShaderCompilers:Display: Using Local Shader Compiler.
[2017.12.08-13.28.40:483][  0]LogTemp:Display: Loaded TP AllDesktopTargetPlatform
[2017.12.08-13.28.40:520][  0]LogTemp:Display: Loaded TP MacClientTargetPlatform
[2017.12.08-13.28.40:556][  0]LogTemp:Display: Loaded TP MacNoEditorTargetPlatform
[2017.12.08-13.28.40:593][  0]LogTemp:Display: Loaded TP MacServerTargetPlatform
[2017.12.08-13.28.40:654][  0]LogTemp:Display: Loaded TP MacTargetPlatform
[2017.12.08-13.28.40:735][  0]LogTemp:Display: Loaded TP WindowsClientTargetPlatform
[2017.12.08-13.28.40:772][  0]LogTemp:Display: Loaded TP WindowsNoEditorTargetPlatform
[2017.12.08-13.28.40:810][  0]LogTemp:Display: Loaded TP WindowsServerTargetPlatform
[2017.12.08-13.28.40:842][  0]LogTemp:Display: Loaded TP WindowsTargetPlatform
[2017.12.08-13.28.40:912][  0]LogTemp:Display: Loaded TP AndroidTargetPlatform
[2017.12.08-13.28.40:957][  0]LogTemp:Display: Loaded TP Android_ASTCTargetPlatform
[2017.12.08-13.28.40:993][  0]LogTemp:Display: Loaded TP Android_ATCTargetPlatform
[2017.12.08-13.28.41:028][  0]LogTemp:Display: Loaded TP Android_DXTTargetPlatform
[2017.12.08-13.28.41:066][  0]LogTemp:Display: Loaded TP Android_ETC1TargetPlatform
[2017.12.08-13.28.41:102][  0]LogTemp:Display: Loaded TP Android_ETC2TargetPlatform
[2017.12.08-13.28.41:174][  0]LogTemp:Display: Loaded TP Android_MultiTargetPlatform
[2017.12.08-13.28.41:174][  0]LogTemp:Display: Loaded TP Android_PVRTCTargetPlatform
[2017.12.08-13.28.41:203][  0]LogTemp:Display: Loaded TP HTML5TargetPlatform
[2017.12.08-13.28.41:284][  0]LogTemp:Display: Loaded TP IOSTargetPlatform
[2017.12.08-13.28.41:306][  0]LogTemp:Display: Loaded TP TVOSTargetPlatform
[2017.12.08-13.28.41:341][  0]LogTemp:Display: Loaded TP LinuxClientTargetPlatform
[2017.12.08-13.28.41:377][  0]LogTemp:Display: Loaded TP LinuxNoEditorTargetPlatform
[2017.12.08-13.28.41:413][  0]LogTemp:Display: Loaded TP LinuxServerTargetPlatform
[2017.12.08-13.28.41:449][  0]LogTemp:Display: Loaded TP LinuxTargetPlatform
[2017.12.08-13.28.41:449][  0]LogTargetPlatformManager:Display: Building Assets For Windows
[2017.12.08-13.28.42:156][  0]LogDerivedDataCache:Display: Max Cache Size: 512 MB
[2017.12.08-13.28.43:099][  0]LogDerivedDataCache: Loaded boot cache 0.94s 92MB C:/Users/Christoph/AppData/Local/UnrealEngine/4.16/DerivedDataCache/Boot.ddc.
[2017.12.08-13.28.43:099][  0]LogDerivedDataCache:Display: Loaded Boot cache: C:/Users/Christoph/AppData/Local/UnrealEngine/4.16/DerivedDataCache/Boot.ddc
[2017.12.08-13.28.43:100][  0]LogDerivedDataCache: FDerivedDataBackendGraph:  Pak pak cache file ../../../../../../Users/Christoph/Documents/Unreal Projects/JailEscape/DerivedDataCache/DDC.ddp not found, will not use a pak cache.
[2017.12.08-13.28.43:100][  0]LogDerivedDataCache: Unable to find inner node Pak for hierarchical cache Hierarchy.
[2017.12.08-13.28.43:100][  0]LogDerivedDataCache: FDerivedDataBackendGraph:  CompressedPak pak cache file ../../../../../../Users/Christoph/Documents/Unreal Projects/JailEscape/DerivedDataCache/Compressed.ddp not found, will not use a pak cache.
[2017.12.08-13.28.43:100][  0]LogDerivedDataCache: Unable to find inner node CompressedPak for hierarchical cache Hierarchy.
[2017.12.08-13.28.43:111][  0]LogDerivedDataCache:Display: Pak cache opened for reading ../../../Engine/DerivedDataCache/Compressed.ddp.
[2017.12.08-13.28.43:124][  0]LogDerivedDataCache: Using Local data cache path C:/Users/Christoph/AppData/Local/UnrealEngine/Common/DerivedDataCache: Writable
[2017.12.08-13.28.43:131][  0]LogMaterial: Verifying Global Shaders for PCD3D_SM5
[2017.12.08-13.28.43:131][  0]LogSlate: Using Freetype 2.6.0
[2017.12.08-13.28.43:166][  0]LogSlate: SlateFontCache - WITH_FREETYPE: 1, WITH_HARFBUZZ: 1
[2017.12.08-13.28.43:166][  0]LogSlate: SlateFontCache - WITH_FREETYPE: 1, WITH_HARFBUZZ: 1
[2017.12.08-13.28.45:517][  0]LogInit: Selected Device Profile: [Windows]
[2017.12.08-13.28.45:627][  0]LogContentStreaming: Texture pool size is 0.00 MB
[2017.12.08-13.28.45:769][  0]LogMeshUtilities: Using QuadricMeshReduction for automatic static mesh reduction
[2017.12.08-13.28.45:802][  0]LogSimplygon: Simplygon DLL not present - disabling.
[2017.12.08-13.28.45:838][  0]LogMeshUtilities: Using SimplygonSwarm for distributed automatic mesh merging
[2017.12.08-13.28.45:838][  0]LogMeshUtilities: No automatic skeletal mesh reduction module available
[2017.12.08-13.28.45:838][  0]LogMeshUtilities: No automatic mesh merging module available
[2017.12.08-13.28.46:763][  0]LogNetVersion: MyProject , NetCL: 3452394, EngineNetVer: 2, GameNetVer: 0 (Checksum: 1111101373)
[2017.12.08-13.28.46:833][  0]LogAssetRegistry: FAssetRegistry took 0.0247 seconds to start up
[2017.12.08-13.28.46:877][  0]LogPackageLocalizationCache: Processed 4 localized package path(s) for 1 prioritized culture(s) in 0.027365 seconds
[2017.12.08-13.28.46:882][  0]LogUObjectArray: 34194 objects as part of root set at end of initial load.
[2017.12.08-13.28.46:882][  0]LogUObjectAllocator: 7260424 out of 0 bytes used by permanent object pool.
[2017.12.08-13.28.46:882][  0]LogUObjectArray: CloseDisregardForGC: 0/0 objects in disregard for GC pool
[2017.12.08-13.28.46:932][  0]LogInit: WinSock: version 1.1 (2.2), MaxSocks=32767, MaxUdp=65467
[2017.12.08-13.29.25:146][  0]LogTcpMessaging: Initializing TcpMessaging bridge
[2017.12.08-13.29.25:180][  0]LogUdpMessaging: Initializing bridge on interface 0.0.0.0:0 to multicast group 230.0.0.1:6666.
[2017.12.08-13.29.25:821][  0]LogMaterial: Uniform references updated for custom material expression Custom.
[2017.12.08-13.29.26:132][  0]SourceControl: Info Source control is disabled
[2017.12.08-13.29.27:268][  0]LogAndroidPermission: UAndroidPermissionCallbackProxy::GetInstance
[2017.12.08-13.29.27:858][  0]LogEngine: Initializing Engine...
[2017.12.08-13.29.28:015][  0]LogHMD: Failed to initialize OpenVR with code 108
[2017.12.08-13.29.28:171][  0]LogStats: UGameplayTagsManager::ConstructGameplayTagTree: Construct from data asset -  0.000 s
[2017.12.08-13.29.28:171][  0]LogStats: UGameplayTagsManager::ConstructGameplayTagTree: GameplayTagTreeChangedEvent.Broadcast -  0.000 s
[2017.12.08-13.29.28:273][  0]LogAIModule: Creating AISystem for world Untitled
[2017.12.08-13.29.28:278][  0]LogInit: XAudio2 using 'Speakers (Realtek High Definition Audio)' : 2 channels at 48 kHz using 32 bits per sample (channel mask 0x3)
[2017.12.08-13.29.28:301][  0]LogInit: FAudioDevice initialized.
[2017.12.08-13.29.28:347][  0]LogDerivedDataCache: Saved boot cache 0.05s 92MB C:/Users/Christoph/AppData/Local/UnrealEngine/4.16/DerivedDataCache/Boot.ddc.
[2017.12.08-13.29.28:361][  0]LogInit: Texture streaming: Enabled
[2017.12.08-13.29.28:439][  0]LogEngineSessionManager: EngineSessionManager initialized
[2017.12.08-13.29.28:722][  0]LogInit: Transaction tracking system initialized
[2017.12.08-13.29.28:950][  0]BlueprintLog: New page: Editor Load
[2017.12.08-13.29.29:900][  0]LocalizationService: Info Localization service is disabled
[2017.12.08-13.29.30:559][  0]LogConsoleResponse:Display: 
[2017.12.08-13.29.31:531][  0]LogCook:Display: Max memory allowance for cook 16384mb min free memory 0mb
[2017.12.08-13.29.31:531][  0]LogCook:Display: Mobile HDR setting 1
[2017.12.08-13.29.32:534][  0]LogFileCache: Scanning file cache for directory 'C:/Users/Christoph/Documents/Unreal Projects/JailEscape/Content/' took 0.01s
[2017.12.08-13.29.32:669][  0]Cmd: MAP LOAD FILE="../../../../../../Users/Christoph/Documents/Unreal Projects/JailEscape/Content/FirstPersonCPP/Maps/FirstPersonExampleMap.umap" TEMPLATE=0 SHOWPROGRESS=1 FEATURELEVEL=3
[2017.12.08-13.29.32:670][  0]LightingResults: New page: Lighting Build
[2017.12.08-13.29.32:699][  0]MapCheck: New page: Map Check
[2017.12.08-13.29.32:699][  0]LightingResults: New page: Lighting Build
[2017.12.08-13.29.33:811][  0]LogAIModule: Creating AISystem for world FirstPersonExampleMap
[2017.12.08-13.29.33:817][  0]LogEditorServer: Finished looking for orphan Actors (0.000 secs)
[2017.12.08-13.29.33:825][  0]Cmd: MAP CHECKDEP NOCLEARLOG
[2017.12.08-13.29.33:854][  0]MapCheck: Info Map check complete: 0 Error(s), 0 Warning(s), took 29.296ms to complete.
[2017.12.08-13.29.33:854][  0]LogFileHelpers: Loading map 'FirstPersonExampleMap' took 1.186
[2017.12.08-13.29.34:029][  0]LogCollectionManager: Loaded 0 collections in 0.001387 seconds
[2017.12.08-13.29.34:095][  0]LogFileCache: Scanning file cache for directory 'C:/Users/Christoph/Documents/Unreal Projects/JailEscape/Saved/Collections/' took 0.01s
[2017.12.08-13.29.34:095][  0]LogFileCache: Scanning file cache for directory 'C:/Users/Christoph/Documents/Unreal Projects/JailEscape/Content/Developers/Christoph/Collections/' took 0.01s
[2017.12.08-13.29.34:095][  0]LogFileCache: Scanning file cache for directory 'C:/Users/Christoph/Documents/Unreal Projects/JailEscape/Content/Collections/' took 0.01s
[2017.12.08-13.29.34:095][  0]LogCollectionManager: Rebuilt the GUID cache for 0 collections in 0.000001 seconds
[2017.12.08-13.29.34:103][  0]LogContentBrowser: Native class hierarchy populated in 0.0077 seconds. Added 2341 classes and 493 folders.
[2017.12.08-13.29.34:154][  0]LogContentBrowser: Native class hierarchy updated for 'WidgetCarousel' in 0.0016 seconds. Added 0 classes and 0 folders.
[2017.12.08-13.29.35:114][  0]LogContentBrowser: Native class hierarchy updated for 'AddContentDialog' in 0.0019 seconds. Added 0 classes and 0 folders.
[2017.12.08-13.29.35:148][  0]LogContentBrowser: Native class hierarchy updated for 'SceneOutliner' in 0.0015 seconds. Added 1 classes and 2 folders.
[2017.12.08-13.29.35:178][  0]LogCrashTracker: Crashtracker disabled due to settings.
[2017.12.08-13.29.35:225][  0]LogSlate: Took 0.042847 seconds to synchronously load lazily loaded font '../../../Engine/Content/Slate/Fonts/Roboto-Regular.ttf' (155K)
[2017.12.08-13.29.35:243][  0]LogSlate: Took 0.012493 seconds to synchronously load lazily loaded font '../../../Engine/Content/Slate/Fonts/Roboto-Bold.ttf' (160K)
[2017.12.08-13.29.35:276][  0]LogSlate: Took 0.019480 seconds to synchronously load lazily loaded font '../../../Engine/Content/Editor/Slate/Fonts/FontAwesome.ttf' (139K)
[2017.12.08-13.29.35:371][  0]LogRenderer: Reallocating scene render targets to support 1172x576 NumSamples 1 (Frame:1).
[2017.12.08-13.29.35:470][  0]LogUObjectGlobals:Warning: Failed to find object 'Class None.'
[2017.12.08-13.29.35:529][  0]LogContentBrowser: Native class hierarchy updated for 'HierarchicalLODOutliner' in 0.0016 seconds. Added 1 classes and 2 folders.
[2017.12.08-13.29.35:529][  0]LogLoad: (Engine Initialization) Total time: 65.42 seconds
[2017.12.08-13.29.35:529][  0]LogLoad: (Engine Initialization) Total Blueprint compile time: 0.17 seconds
[2017.12.08-13.29.35:529][  0]LogExternalProfiler: Found external profiler: VSPerf
[2017.12.08-13.29.35:529][  0]LogExternalProfiler: Using external profiler: VSPerf
[2017.12.08-13.29.35:538][  0]LogOcInput: OculusInput pre-init called
[2017.12.08-13.29.35:538][  0]LogHMD: Starting GearVRController plugin
[2017.12.08-13.29.35:561][  0]LogAssetRegistry: Asset discovery search completed in 48.7507 seconds
[2017.12.08-13.29.35:563][  0]LogCollectionManager: Rebuilt the object cache for 0 collections in 0.000001 seconds (found 0 objects)
[2017.12.08-13.29.35:563][  0]LogCollectionManager: Fixed up redirectors for 0 collections in 0.000019 seconds (updated 0 objects)
[2017.12.08-13.29.35:565][  0]SourceControl: Info On branch master
[2017.12.08-13.29.35:565][  0]SourceControl: Info Your branch is up to date with 'origin/master'.
[2017.12.08-13.29.35:565][  0]SourceControl: Info Changes to be committed:
[2017.12.08-13.29.35:565][  0]SourceControl: Info   (use "git reset HEAD <file>..." to unstage)
[2017.12.08-13.29.35:565][  0]SourceControl: Info 	new file:   Content/AI/AIBetweenPlayer.uasset
[2017.12.08-13.29.35:565][  0]SourceControl: Info 	new file:   Content/AI/BPEnemyAI.uasset
[2017.12.08-13.29.35:565][  0]SourceControl: Info Changes not staged for commit:
[2017.12.08-13.29.35:565][  0]SourceControl: Info   (use "git add/rm <file>..." to update what will be committed)
[2017.12.08-13.29.35:565][  0]SourceControl: Info   (use "git checkout -- <file>..." to discard changes in working directory)
[2017.12.08-13.29.35:565][  0]SourceControl: Info 	modified:   Content/AI/EnemyAI.uasset
[2017.12.08-13.29.35:565][  0]SourceControl: Info 	modified:   Content/AI/FilmgrainUI.uasset
[2017.12.08-13.29.35:565][  0]SourceControl: Info 	modified:   Content/AI/grunge_texture_overlay_png_by_fictionchick-d73ass0.uasset
[2017.12.08-13.29.35:565][  0]SourceControl: Info 	modified:   Content/FirstPersonCPP/Blueprints/FirstPersonCharacter.uasset
[2017.12.08-13.29.35:565][  0]SourceControl: Info 	modified:   Intermediate/CachedAssetRegistry.bin
[2017.12.08-13.29.35:565][  0]SourceControl: Info 	deleted:    Saved/Backup/FirstPersonExampleMap_2017-11-21-00-09-45.umap
[2017.12.08-13.29.35:565][  0]SourceControl: Info 	deleted:    Saved/Backup/FirstPersonExampleMap_BuiltData_2017-11-21-00-09-45.uasset
[2017.12.08-13.29.35:565][  0]SourceControl: Info 	modified:   Saved/Config/Windows/Editor.ini
[2017.12.08-13.29.35:565][  0]SourceControl: Info 	modified:   Saved/Config/Windows/EditorPerProjectUserSettings.ini
[2017.12.08-13.29.35:565][  0]SourceControl: Info 	modified:   Saved/Config/Windows/Engine.ini
[2017.12.08-13.29.35:565][  0]SourceControl: Info 	modified:   Saved/Logs/MyProject.log
[2017.12.08-13.29.35:565][  0]SourceControl: Info Untracked files:
[2017.12.08-13.29.35:565][  0]SourceControl: Info   (use "git add <file>..." to include in what will be committed)
[2017.12.08-13.29.35:565][  0]SourceControl: Info 	Content/AI/grunge_texture_overlay_png_by_fictionchick-d73ass0.png
[2017.12.08-13.29.35:565][  0]SourceControl: Info 	Saved/Autosaves/Game/AI/
[2017.12.08-13.29.35:565][  0]SourceControl: Info 	Saved/Autosaves/Game/FirstPersonCPP/Blueprints/
[2017.12.08-13.29.35:565][  0]SourceControl: Info 	Saved/Config/CrashReportClient/UE4CC-Windows-4F2C46754AD72F48C4B8F5A612DBC1DE/
[2017.12.08-13.29.35:565][  0]SourceControl: Info 	Saved/Config/Windows/SourceControlSettings.ini
[2017.12.08-13.29.35:565][  0]SourceControl: Info 	Saved/Logs/MyProject-backup-2017.12.08-14.28.32.log
[2017.12.08-13.29.35:565][  0]LogContentStreaming: Texture pool size now 1000 MB
[2017.12.08-13.29.35:749][  0]LogSlate: Took 0.073556 seconds to synchronously load lazily loaded font '../../../Engine/Content/Slate/Fonts/Roboto-Light.ttf' (159K)
[2017.12.08-13.29.35:756][  1]LogFileCache: Retrieving MD5 hashes for directory 'C:/Users/Christoph/Documents/Unreal Projects/JailEscape/Content/' took 0.21s
[2017.12.08-13.29.38:625][160]LogSlate: Took 0.000168 seconds to synchronously load lazily loaded font '../../../Engine/Content/Slate/Fonts/Roboto-Light.ttf' (159K)
[2017.12.08-13.31.08:182][759]AssetReimport: New page: Outstanding source content changes 3:31:08 PM
[2017.12.08-13.31.08:307][760]LogEditorFactories: Performing atomic reimport of [C:/Users/Christoph/Documents/Unreal Projects/JailEscape/Content/AI/grunge_texture_overlay_png_by_fictionchick-d73ass0.png]
[2017.12.08-13.31.08:316][760]LogFactory: FactoryCreateFile: Texture2D with ReimportTextureFactory (0 0 C:/Users/Christoph/Documents/Unreal Projects/JailEscape/Content/AI/grunge_texture_overlay_png_by_fictionchick-d73ass0.png)
[2017.12.08-13.31.09:098][760]LogEditorFactories: -- imported successfully
[2017.12.08-13.31.09:288][761]LogSlate: Took 0.000093 seconds to synchronously load lazily loaded font '../../../Engine/Content/Slate/Fonts/Roboto-Light.ttf' (159K)
[2017.12.08-13.31.09:539][761]LogSavePackage: Save=90.85ms
[2017.12.08-13.31.09:539][761]LogSavePackage: Moving '../../../../../../Users/Christoph/Documents/Unreal Projects/JailEscape/Saved/grunge_texture_overlay_png_by_fictionchick-d73ass0CB0E5AEE4D5A6115EF7F5FBF8C691607.tmp' to '../../../../../../Users/Christoph/Documents/Unreal Projects/JailEscape/Content/AI/grunge_texture_overlay_png_by_fictionchick-d73ass0.uasset'
[2017.12.08-13.31.09:542][761]LogSavePackage:Display: Finished SavePackage ../../../../../../Users/Christoph/Documents/Unreal Projects/JailEscape/Content/AI/grunge_texture_overlay_png_by_fictionchick-d73ass0.uasset
[2017.12.08-13.31.12:648][827]AssetReimport: Info Reimported asset grunge_texture_overlay_png_by_fictionchick-d73ass0 from C:/Users/Christoph/Documents/Unreal Projects/JailEscape/Content/AI/grunge_texture_overlay_png_by_fictionchick-d73ass0.png.
[2017.12.08-13.31.24:993][319]LogTemp: Repeting last play command: Selected Viewport
[2017.12.08-13.31.25:050][319]LogBlueprintUserMessages: Early PlayInEditor Detection: Level '/Game/FirstPersonCPP/Maps/FirstPersonExampleMap.FirstPersonExampleMap:PersistentLevel' has LevelScriptBlueprint '/Game/FirstPersonCPP/Maps/FirstPersonExampleMap.FirstPersonExampleMap:PersistentLevel.FirstPersonExampleMap' with GeneratedClass '/Game/FirstPersonCPP/Maps/FirstPersonExampleMap.FirstPersonExampleMap_C' with ClassGeneratedBy '/Game/FirstPersonCPP/Maps/FirstPersonExampleMap.FirstPersonExampleMap:PersistentLevel.FirstPersonExampleMap'
[2017.12.08-13.31.25:050][319]LogPlayLevel: PlayLevel: No blueprints needed recompiling
[2017.12.08-13.31.25:050][319]PIE: New page: PIE session: FirstPersonExampleMap (Dec 8, 2017, 3:31:25 PM)
[2017.12.08-13.31.25:050][319]LogPlayLevel: Creating play world package: /Game/FirstPersonCPP/Maps/UEDPIE_0_FirstPersonExampleMap
[2017.12.08-13.31.25:073][319]LogPlayLevel: PIE: StaticDuplicateObject took: (0.022340s)
[2017.12.08-13.31.25:074][319]LogAIModule: Creating AISystem for world FirstPersonExampleMap
[2017.12.08-13.31.25:074][319]LogPlayLevel: PIE: World Init took: (0.001058s)
[2017.12.08-13.31.25:074][319]LogPlayLevel: PIE: Created PIE world by copying editor world from /Game/FirstPersonCPP/Maps/FirstPersonExampleMap.FirstPersonExampleMap to /Game/FirstPersonCPP/Maps/UEDPIE_0_FirstPersonExampleMap.FirstPersonExampleMap (0.023710s)
[2017.12.08-13.31.25:088][319]LogInit: XAudio2 using 'Speakers (Realtek High Definition Audio)' : 2 channels at 48 kHz using 32 bits per sample (channel mask 0x3)
[2017.12.08-13.31.25:097][319]LogInit: FAudioDevice initialized.
[2017.12.08-13.31.25:146][319]LogLoad: Game class is 'MyProjectGameMode'
[2017.12.08-13.31.25:156][319]LogWorld: Bringing World /Game/FirstPersonCPP/Maps/UEDPIE_0_FirstPersonExampleMap.FirstPersonExampleMap up for play (max tick rate 0) at 2017.12.08-14.31.25
[2017.12.08-13.31.25:173][319]LogWorld: Bringing up level for play took: 0.021027
[2017.12.08-13.31.25:215][319]LogContentBrowser: Native class hierarchy updated for 'MovieSceneCapture' in 0.0016 seconds. Added 11 classes and 0 folders.
[2017.12.08-13.31.25:216][319]PIE: Info Play in editor start time for /Game/FirstPersonCPP/Maps/UEDPIE_0_FirstPersonExampleMap 0.271
[2017.12.08-13.31.25:216][319]LogBlueprintUserMessages: Late PlayInEditor Detection: Level '/Game/FirstPersonCPP/Maps/FirstPersonExampleMap.FirstPersonExampleMap:PersistentLevel' has LevelScriptBlueprint '/Game/FirstPersonCPP/Maps/FirstPersonExampleMap.FirstPersonExampleMap:PersistentLevel.FirstPersonExampleMap' with GeneratedClass '/Game/FirstPersonCPP/Maps/FirstPersonExampleMap.FirstPersonExampleMap_C' with ClassGeneratedBy '/Game/FirstPersonCPP/Maps/FirstPersonExampleMap.FirstPersonExampleMap:PersistentLevel.FirstPersonExampleMap'
[2017.12.08-13.31.36:914][998]LogBlueprintUserMessages: Early EndPlayMap Detection: Level '/Game/FirstPersonCPP/Maps/FirstPersonExampleMap.FirstPersonExampleMap:PersistentLevel' has LevelScriptBlueprint '/Game/FirstPersonCPP/Maps/FirstPersonExampleMap.FirstPersonExampleMap:PersistentLevel.FirstPersonExampleMap' with GeneratedClass '/Game/FirstPersonCPP/Maps/FirstPersonExampleMap.FirstPersonExampleMap_C' with ClassGeneratedBy '/Game/FirstPersonCPP/Maps/FirstPersonExampleMap.FirstPersonExampleMap:PersistentLevel.FirstPersonExampleMap'
[2017.12.08-13.31.36:960][998]LogBlueprintUserMessages: Late EndPlayMap Detection: Level '/Game/FirstPersonCPP/Maps/FirstPersonExampleMap.FirstPersonExampleMap:PersistentLevel' has LevelScriptBlueprint '/Game/FirstPersonCPP/Maps/FirstPersonExampleMap.FirstPersonExampleMap:PersistentLevel.FirstPersonExampleMap' with GeneratedClass '/Game/FirstPersonCPP/Maps/FirstPersonExampleMap.FirstPersonExampleMap_C' with ClassGeneratedBy '/Game/FirstPersonCPP/Maps/FirstPersonExampleMap.FirstPersonExampleMap:PersistentLevel.FirstPersonExampleMap'
[2017.12.08-13.33.07:485][950]SourceControl: Info fatal: C:/Program Files/Epic Games/UE_4.16/Engine/Content/: 'C:/Program Files/Epic Games/UE_4.16/Engine/Content/' is outside repository
[2017.12.08-13.33.36:003][950]LogSourceControl: FGitCheckInWorker: commit successful
[2017.12.08-13.33.36:038][950]SourceControl: Info [master da8ee44] test
[2017.12.08-13.33.36:038][950]SourceControl: Info  4 files changed, 0 insertions(+), 0 deletions(-)
[2017.12.08-13.33.36:038][950]SourceControl: Info  create mode 100644 Content/AI/AIBetweenPlayer.uasset
[2017.12.08-13.33.36:038][950]SourceControl: Info  create mode 100644 Content/AI/BPEnemyAI.uasset
[2017.12.08-13.33.36:038][950]SourceControl: Info  rewrite Content/AI/EnemyAI.uasset (91%)
[2017.12.08-13.33.36:038][950]SourceControl: Info  rewrite Content/AI/FilmgrainUI.uasset (66%)
[2017.12.08-13.33.36:048][950]SourceControl: Info Commited [master da8ee44] test.
[2017.12.08-13.34.57:844][261]LogEditorViewport: Clicking on Actor (LMB): StaticMeshActor (Floor)
[2017.12.08-13.35.00:102][378]LogEditorViewport: Clicking on Actor (LMB): FirstPersonCharacter_C (FirstPersonCharacter2)
[2017.12.08-13.35.06:015][628]LogSavePackage: Save=77.88ms
[2017.12.08-13.35.06:015][628]LogSavePackage: Moving '../../../../../../Users/Christoph/Documents/Unreal Projects/JailEscape/Saved/FirstPersonExampleMap9F75435445E5553432FC8C95A7DDE192.tmp' to '../../../../../../Users/Christoph/Documents/Unreal Projects/JailEscape/Content/FirstPersonCPP/Maps/FirstPersonExampleMap.umap'
[2017.12.08-13.35.06:017][628]LogSavePackage:Display: Finished SavePackage ../../../../../../Users/Christoph/Documents/Unreal Projects/JailEscape/Content/FirstPersonCPP/Maps/FirstPersonExampleMap.umap
[2017.12.08-13.35.06:028][628]LogFileHelpers: Saving map 'FirstPersonExampleMap' took 0.138
[2017.12.08-13.35.21:596][ 60]SourceControl: Info On branch master
[2017.12.08-13.35.21:596][ 60]SourceControl: Info Your branch is ahead of 'origin/master' by 1 commit.
[2017.12.08-13.35.21:596][ 60]SourceControl: Info   (use "git push" to publish your local commits)
[2017.12.08-13.35.21:596][ 60]SourceControl: Info Changes not staged for commit:
[2017.12.08-13.35.21:596][ 60]SourceControl: Info   (use "git add/rm <file>..." to update what will be committed)
[2017.12.08-13.35.21:596][ 60]SourceControl: Info   (use "git checkout -- <file>..." to discard changes in working directory)
[2017.12.08-13.35.21:596][ 60]SourceControl: Info 	modified:   Content/AI/grunge_texture_overlay_png_by_fictionchick-d73ass0.uasset
[2017.12.08-13.35.21:596][ 60]SourceControl: Info 	modified:   Content/FirstPersonCPP/Blueprints/FirstPersonCharacter.uasset
[2017.12.08-13.35.21:596][ 60]SourceControl: Info 	modified:   Content/FirstPersonCPP/Maps/FirstPersonExampleMap.umap
[2017.12.08-13.35.21:596][ 60]SourceControl: Info 	modified:   Intermediate/AssetRegistryCache/311563bb.bin
[2017.12.08-13.35.21:596][ 60]SourceControl: Info 	modified:   Intermediate/AssetRegistryCache/c90e3f55.bin
[2017.12.08-13.35.21:596][ 60]SourceControl: Info 	modified:   Intermediate/CachedAssetRegistry.bin
[2017.12.08-13.35.21:596][ 60]SourceControl: Info 	modified:   Intermediate/ReimportCache/3688439234.bin
[2017.12.08-13.35.21:596][ 60]SourceControl: Info 	modified:   Saved/Autosaves/PackageRestoreData.json
[2017.12.08-13.35.21:596][ 60]SourceControl: Info 	deleted:    Saved/Backup/FirstPersonExampleMap_2017-11-21-00-09-45.umap
[2017.12.08-13.35.21:596][ 60]SourceControl: Info 	deleted:    Saved/Backup/FirstPersonExampleMap_BuiltData_2017-11-21-00-09-45.uasset
[2017.12.08-13.35.21:596][ 60]SourceControl: Info 	modified:   Saved/Config/Windows/Editor.ini
[2017.12.08-13.35.21:596][ 60]SourceControl: Info 	modified:   Saved/Config/Windows/EditorPerProjectUserSettings.ini
[2017.12.08-13.35.21:596][ 60]SourceControl: Info 	modified:   Saved/Config/Windows/Engine.ini
[2017.12.08-13.35.21:596][ 60]SourceControl: Info 	modified:   Saved/Logs/MyProject.log
[2017.12.08-13.35.21:596][ 60]SourceControl: Info Untracked files:
[2017.12.08-13.35.21:596][ 60]SourceControl: Info   (use "git add <file>..." to include in what will be committed)
[2017.12.08-13.35.21:596][ 60]SourceControl: Info 	Content/AI/grunge_texture_overlay_png_by_fictionchick-d73ass0.png
[2017.12.08-13.35.21:596][ 60]SourceControl: Info 	Saved/Autosaves/Game/AI/
[2017.12.08-13.35.21:596][ 60]SourceControl: Info 	Saved/Autosaves/Game/FirstPersonCPP/Blueprints/
[2017.12.08-13.35.21:596][ 60]SourceControl: Info 	Saved/Backup/FirstPersonExampleMap_2017-12-08-14-35-05.umap
[2017.12.08-13.35.21:596][ 60]SourceControl: Info 	Saved/Backup/grunge_texture_overlay_png_by_fictionchick-d73ass0_2017-12-08-14-31-09.uasset
[2017.12.08-13.35.21:596][ 60]SourceControl: Info 	Saved/Config/CrashReportClient/UE4CC-Windows-4F2C46754AD72F48C4B8F5A612DBC1DE/
[2017.12.08-13.35.21:596][ 60]SourceControl: Info 	Saved/Config/Windows/SourceControlSettings.ini
[2017.12.08-13.35.21:596][ 60]SourceControl: Info 	Saved/Logs/MyProject-backup-2017.12.08-14.28.32.log
[2017.12.08-13.35.21:596][ 60]SourceControl: Info no changes added to commit (use "git add" and/or "git commit -a")
[2017.12.08-13.35.29:838][278]SourceControl: Info fatal: C:/Program Files/Epic Games/UE_4.16/Engine/Content/: 'C:/Program Files/Epic Games/UE_4.16/Engine/Content/' is outside repository
[2017.12.08-13.35.39:357][278]LogSourceControl: FGitCheckInWorker: commit successful
[2017.12.08-13.35.39:409][278]SourceControl: Info [master e4f477a] test
[2017.12.08-13.35.39:409][278]SourceControl: Info  2 files changed, 0 insertions(+), 0 deletions(-)
[2017.12.08-13.35.39:421][278]SourceControl: Info Commited [master e4f477a] test.
